Arguments: 
  /usr/bin/node /usr/share/yarn/bin/yarn.js add webpaca copy-webpack-plugin

PATH: 
  /home/lajna/.vscode-server/bin/7f6ab5485bbc008386c4386d08766667e155244e/bin:/home/lajna/.local/bin:/usr/local/sbin:/usr/local/bin:/usr/sbin:/usr/bin:/sbin:/bin:/usr/games:/usr/local/games:/usr/lib/wsl/lib:/mnt/c/Program Files/AdoptOpenJDK/jdk-8.0.292.10-hotspot/bin:/mnt/c/Program Files/AdoptOpenJDK/jre-11.0.11.9-hotspot/bin:/mnt/c/Program Files/AdoptOpenJDK/jre-8.0.292.10-hotspot/bin:/mnt/c/Windows/system32:/mnt/c/Windows:/mnt/c/Windows/System32/Wbem:/mnt/c/Windows/System32/WindowsPowerShell/v1.0/:/mnt/c/Windows/System32/OpenSSH/:/mnt/c/Program Files (x86)/NVIDIA Corporation/PhysX/Common:/mnt/c/Program Files/NVIDIA Corporation/NVIDIA NvDLISR:/mnt/c/Program Files/Microsoft VS Code/bin:/mnt/c/Program Files/nodejs/:/mnt/c/ProgramData/chocolatey/bin:/mnt/c/Program Files/Git/cmd:/mnt/c/WINDOWS/system32:/mnt/c/WINDOWS:/mnt/c/WINDOWS/System32/Wbem:/mnt/c/WINDOWS/System32/WindowsPowerShell/v1.0/:/mnt/c/WINDOWS/System32/OpenSSH/:/mnt/c/Program Files (x86)/ZeroTier/One/:/mnt/c/Program Files/Docker/Docker/resources/bin:/mnt/c/ProgramData/DockerDesktop/version-bin:/mnt/c/Users/Lajna/AppData/Local/Microsoft/WindowsApps:/mnt/c/Program Files (x86)/GitHub CLI/:/mnt/c/Users/Lajna/AppData/Roaming/npm:/mnt/c/Users/Lajna/AppData/Local/gitkraken/bin:/snap/bin

Yarn version: 
  1.22.15

Node version: 
  16.13.0

Platform: 
  linux x64

Trace: 
  Error: https://registry.yarnpkg.com/webpaca: Not found
      at Request.params.callback [as _callback] (/usr/share/yarn/lib/cli.js:67031:18)
      at Request.self.callback (/usr/share/yarn/lib/cli.js:140885:22)
      at Request.emit (node:events:390:28)
      at Request.<anonymous> (/usr/share/yarn/lib/cli.js:141857:10)
      at Request.emit (node:events:390:28)
      at IncomingMessage.<anonymous> (/usr/share/yarn/lib/cli.js:141779:12)
      at Object.onceWrapper (node:events:509:28)
      at IncomingMessage.emit (node:events:402:35)
      at endReadableNT (node:internal/streams/readable:1343:12)
      at processTicksAndRejections (node:internal/process/task_queues:83:21)

npm manifest: 
  {
    "name": "backend",
    "version": "1.0.0",
    "main": "index.js",
    "license": "MIT"
  }

yarn manifest: 
  No manifest

Lockfile: 
  No lockfile
